<?xml version="1.0" encoding="UTF-8"?>
<!-- Generated by org.testng.reporters.JUnitReportReporter -->
<testsuite hostname="MacBook-Air-de-Ricardo.local" failures="0" tests="2" name="com.rockcor.DataProviderTestNG" time="25.132" errors="0" timestamp="27 Dec 2020 01:53:03 GMT">
  <testcase classname="com.rockcor.DataProviderTestNG" name="login" time="8.889"/>
  <testcase classname="com.rockcor.DataProviderTestNG" name="login" time="16.243"/>
</testsuite> <!-- com.rockcor.DataProviderTestNG -->
